10:11:13,766 DEBUG devpinoyLogger:139 - dc1316af1bd8 : Browser firefox Clicked on object: bmlBtn_CSS
10:11:17,521 DEBUG devpinoyLogger:139 - f56f7698a1ec : Browser firefox Clicked on object: bmlBtn_CSS
10:11:17,600 DEBUG devpinoyLogger:139 - 0414fa3957da : Browser firefox Clicked on object: bmlBtn_CSS
10:11:17,674 DEBUG devpinoyLogger:139 - 0414fa3957da : Browser firefox Clicked on object: bmlBtn_CSS
10:11:17,790 DEBUG devpinoyLogger:139 - ba68e994954c : Browser firefox Clicked on object: bmlBtn_CSS
10:11:18,280 DEBUG devpinoyLogger:139 - 0414fa3957da : Browser firefox Clicked on object: openAccount_CSS
10:11:18,343 DEBUG devpinoyLogger:139 - 0414fa3957da : Browser firefox Clicked on object: openAccount_CSS
10:11:19,450 DEBUG devpinoyLogger:139 - 43f4808c2788 : Browser firefox Clicked on object: bmlBtn_CSS
10:11:19,736 DEBUG devpinoyLogger:139 - 0414fa3957da : Browser firefox Clicked on object: process_CSS
10:11:19,958 DEBUG devpinoyLogger:139 - 43f4808c2788 : Browser firefox Clicked on object: openAccount_CSS
10:11:21,006 DEBUG cache:45 - Couldn't find template in cache for "Extent.ftl"("en_US", UTF-8, parsed); will try to load it.
10:11:21,007 DEBUG cache:45 - TemplateLoader.findTemplateSource("Extent_en_US.ftl"): Not found
10:11:21,009 DEBUG cache:45 - TemplateLoader.findTemplateSource("Extent_en.ftl"): Not found
10:11:21,010 DEBUG cache:45 - TemplateLoader.findTemplateSource("Extent.ftl"): Found
10:11:21,010 DEBUG cache:45 - Loading template for "Extent.ftl"("en_US", UTF-8, parsed) from "jar:file:/C:/Users/rakesh.kumar/.m2/repository/com/relevantcodes/extentreports/2.41.2/extentreports-2.41.2.jar!/com/relevantcodes/extentreports/view/Extent.ftl"
10:11:21,290 DEBUG cache:45 - Couldn't find template in cache for "Extent.ftl"("en_US", UTF-8, parsed); will try to load it.
10:11:21,293 DEBUG cache:45 - TemplateLoader.findTemplateSource("Extent_en_US.ftl"): Not found
10:11:21,295 DEBUG cache:45 - TemplateLoader.findTemplateSource("Extent_en.ftl"): Not found
10:11:21,296 DEBUG cache:45 - TemplateLoader.findTemplateSource("Extent.ftl"): Found
10:11:21,296 DEBUG cache:45 - Loading template for "Extent.ftl"("en_US", UTF-8, parsed) from "jar:file:/C:/Users/rakesh.kumar/.m2/repository/com/relevantcodes/extentreports/2.41.2/extentreports-2.41.2.jar!/com/relevantcodes/extentreports/view/Extent.ftl"
10:11:21,939 DEBUG devpinoyLogger:139 - 43f4808c2788 : Browser firefox Clicked on object: process_CSS
10:11:22,154 DEBUG cache:45 - Couldn't find template in cache for "Extent.ftl"("en_US", UTF-8, parsed); will try to load it.
10:11:22,155 DEBUG cache:45 - TemplateLoader.findTemplateSource("Extent_en_US.ftl"): Not found
10:11:22,155 DEBUG cache:45 - TemplateLoader.findTemplateSource("Extent_en.ftl"): Not found
10:11:22,155 DEBUG cache:45 - TemplateLoader.findTemplateSource("Extent.ftl"): Found
10:11:22,155 DEBUG cache:45 - Loading template for "Extent.ftl"("en_US", UTF-8, parsed) from "jar:file:/C:/Users/rakesh.kumar/.m2/repository/com/relevantcodes/extentreports/2.41.2/extentreports-2.41.2.jar!/com/relevantcodes/extentreports/view/Extent.ftl"
10:11:24,855 DEBUG cache:45 - Couldn't find template in cache for "Extent.ftl"("en_US", UTF-8, parsed); will try to load it.
10:11:24,855 DEBUG cache:45 - TemplateLoader.findTemplateSource("Extent_en_US.ftl"): Not found
10:11:24,856 DEBUG cache:45 - TemplateLoader.findTemplateSource("Extent_en.ftl"): Not found
10:11:24,856 DEBUG cache:45 - TemplateLoader.findTemplateSource("Extent.ftl"): Found
10:11:24,856 DEBUG cache:45 - Loading template for "Extent.ftl"("en_US", UTF-8, parsed) from "jar:file:/C:/Users/rakesh.kumar/.m2/repository/com/relevantcodes/extentreports/2.41.2/extentreports-2.41.2.jar!/com/relevantcodes/extentreports/view/Extent.ftl"
10:11:28,482 DEBUG cache:45 - Couldn't find template in cache for "Extent.ftl"("en_US", UTF-8, parsed); will try to load it.
10:11:28,483 DEBUG cache:45 - TemplateLoader.findTemplateSource("Extent_en_US.ftl"): Not found
10:11:28,483 DEBUG cache:45 - TemplateLoader.findTemplateSource("Extent_en.ftl"): Not found
10:11:28,483 DEBUG cache:45 - TemplateLoader.findTemplateSource("Extent.ftl"): Found
10:11:28,483 DEBUG cache:45 - Loading template for "Extent.ftl"("en_US", UTF-8, parsed) from "jar:file:/C:/Users/rakesh.kumar/.m2/repository/com/relevantcodes/extentreports/2.41.2/extentreports-2.41.2.jar!/com/relevantcodes/extentreports/view/Extent.ftl"
10:11:28,705 DEBUG cache:45 - Couldn't find template in cache for "Extent.ftl"("en_US", UTF-8, parsed); will try to load it.
10:11:28,705 DEBUG cache:45 - TemplateLoader.findTemplateSource("Extent_en_US.ftl"): Not found
10:11:28,706 DEBUG cache:45 - TemplateLoader.findTemplateSource("Extent_en.ftl"): Not found
10:11:28,707 DEBUG cache:45 - TemplateLoader.findTemplateSource("Extent.ftl"): Found
10:11:28,707 DEBUG cache:45 - Loading template for "Extent.ftl"("en_US", UTF-8, parsed) from "jar:file:/C:/Users/rakesh.kumar/.m2/repository/com/relevantcodes/extentreports/2.41.2/extentreports-2.41.2.jar!/com/relevantcodes/extentreports/view/Extent.ftl"
